<?xml version="1.0" encoding="UTF-8"?>
<!-- Generated by org.testng.reporters.JUnitReportReporter -->
<testsuite hostname="linxhome" name="com.iqmsoft.payara.tests.HelloWorldTest" tests="2" failures="0" timestamp="23 Sep 2017 07:10:27 GMT" time="0.200" errors="0">
  <testcase name="nomeTest" time="0.175" classname="com.iqmsoft.payara.tests.HelloWorldTest"/>
  <testcase name="sayHelloTest" time="0.025" classname="com.iqmsoft.payara.tests.HelloWorldTest"/>
</testsuite> <!-- com.iqmsoft.payara.tests.HelloWorldTest -->
